<?xml version="1.0" encoding="UTF-8"?>
<!-- Generated by org.testng.reporters.JUnitReportReporter -->
<testsuite hostname="ramesh" failures="0" tests="1" name="tracking.detail.HitUrl" time="28.321" errors="0" timestamp="4 Mar 2022 05:56:09 GMT">
  <testcase classname="tracking.detail.HitUrl" name="lunchBrowser" time="28.321"/>
</testsuite> <!-- tracking.detail.HitUrl -->
