<?xml version="1.0" encoding="UTF-8"?>
<!-- Generated by org.testng.reporters.JUnitReportReporter -->
<testsuite hostname="ramesh" failures="0" tests="5" name="tracking.detail.SavePDF" time="142.431" errors="0" timestamp="4 Mar 2022 11:21:47 GMT">
  <testcase classname="tracking.detail.SavePDF" name="savePDF" time="29.988"/>
  <testcase classname="tracking.detail.SavePDF" name="savePDF" time="27.348"/>
  <testcase classname="tracking.detail.SavePDF" name="savePDF" time="28.654"/>
  <testcase classname="tracking.detail.SavePDF" name="savePDF" time="28.140"/>
  <testcase classname="tracking.detail.SavePDF" name="savePDF" time="28.301"/>
</testsuite> <!-- tracking.detail.SavePDF -->
